23:56:36| Starting to retrieve data from the server
23:56:39| ----------------------------------------
23:56:39| Title   : Revenge of the Sith
23:56:39| Director: George Lucas
23:56:39| Producer: Rick McCallum
23:56:39| Released: 2005-05-19
23:56:39| 
23:56:39| Characters: 34
23:56:39| Adi Gallia, Anakin Skywalker, Ayla Secura, Bail Prestor Organa, Beru Whitesun lars, C-3PO, Chewbacca, Darth Vader, Dooku, Eeth Koth, Grievous, Ki-Adi-Mundi, Kit Fisto, Leia Organa, Luke Skywalker, Luminara Unduli, Mace Windu, Nute Gunray, Obi-Wan Kenobi, Owen Lars, Padmé Amidala, Palpatine, Plo Koon, Poggle the Lesser, R2-D2, R4-P17, Raymus Antilles, Saesee Tiin, Shaak Ti, Sly Moore, Tarfful, Tion Medon, Wilhuff Tarkin, Yoda
23:56:39| 
23:56:39| Planets: 13
23:56:39| Alderaan, Cato Neimoidia, Coruscant, Dagobah, Felucia, Kashyyyk, Mustafar, Mygeeto, Naboo, Polis Massa, Saleucami, Tatooine, Utapau
23:56:39| 
23:56:39| Starships: 12
23:56:39| Banking clan frigte, Belbullab-22 starfighter, CR90 corvette, Droid control ship, Jedi Interceptor, Jedi starfighter, Naboo star skiff, Republic attack cruiser, Theta-class T-2c shuttle, Trade Federation cruiser, V-wing, arc-170
23:56:39| 
23:56:39| Vehicles: 13
23:56:39| AT-RT, AT-TE, Clone turbo tank, Corporate Alliance tank droid, Droid gunship, Droid tri-fighter, Emergency Firespeeder, LAAT/i, Neimoidian shuttle, Oevvaor jet catamaran, Raddaugh Gnasp fluttercraft, Tsmeu-6 personal wheel bike, Vulture Droid
23:56:39| 
23:56:39| Species: 20
23:56:39| Cerean, Chagrian, Clawdite, Droid, Geonosian, Human, Iktotchi, Kaleesh, Kel Dor, Mirialan, Muun, Pau an, Quermian, Skakoan, Tholothian, Togruta, Toong, Twi lek, Wookie, Yoda species
23:56:39| 
23:56:39| Total Time To complete = 3.09753680
23:56:39| There were 94 calls to the server
