23:41:46| Starting to retrieve data from the server
23:41:50| ----------------------------------------
23:41:50| Title   : Revenge of the Sith
23:41:50| Director: George Lucas
23:41:50| Producer: Rick McCallum
23:41:50| Released: 2005-05-19
23:41:50| 
23:41:50| Characters: 1
23:41:50| Luke Skywalker
23:41:50| 
23:41:50| Planets: 1
23:41:50| Tatooine
23:41:50| 
23:41:50| Starships: 1
23:41:50| CR90 corvette
23:41:50| 
23:41:50| Vehicles: 1
23:41:50| Vulture Droid
23:41:50| 
23:41:50| Species: 1
23:41:50| Human
23:41:50| 
23:41:50| Total Time To complete = 3.05988450
23:41:50| There were 7 calls to the server
