19:19:41| 

19:19:41| ############################################################
19:19:41| Depth First Search: 6 generations
19:19:41| ############################################################
19:19:46| 4.41958140
19:19:46| 


19:19:46| ************* TREE DISPLAY *************
19:19:46| Family id: 5007809202
19:19:46|   Husband: Owen, 16-4-1811
19:19:46|   Wife: Bella, 11-1-1762
19:19:46|   Husband Parents: Julian and Elizabeth
19:19:46|   Wife Parents: Elijah and Amelia
19:19:46|   Children: Josiah, Lucas, Jacob
19:19:46| Family id: 4964612838
19:19:46|   Husband: Elijah, 3-6-2002
19:19:46|   Wife: Amelia, 27-12-1762
19:19:46|   Husband Parents: Jayden and Ellie
19:19:46|   Wife Parents: Ethan and Penelope
19:19:46|   Children: Olivia, Chloe, Ezra, Bella
19:19:46| Family id: 5015339703
19:19:46|   Husband: Julian, 13-9-2008
19:19:46|   Wife: Elizabeth, 14-5-1986
19:19:46|   Husband Parents: Liam and Sofia
19:19:46|   Wife Parents: Samuel and Everly
19:19:46|   Children: Emma, Stella, Alexander, Scarlett, Owen
19:19:46| Family id: 4868381314
19:19:46|   Husband: Samuel, 9-3-1862
19:19:46|   Wife: Everly, 27-7-1835
19:19:46|   Husband Parents: Hudson and Sophia
19:19:46|   Wife Parents: Leo and Victoria
19:19:46|   Children: Julian, Elizabeth
19:19:46| Family id: 4906083051
19:19:46|   Husband: Jayden, 3-7-1842
19:19:46|   Wife: Ellie, 31-5-1856
19:19:46|   Husband Parents: Samuel and Charlotte
19:19:46|   Wife Parents: None
19:19:46|   Children: Noah, Asher, Elijah, Noah, Elijah, Levi, Elijah
19:19:46| Family id: 5024189112
19:19:46|   Husband: Liam, 25-10-1948
19:19:46|   Wife: Sofia, 10-3-1903
19:19:46|   Husband Parents: Ezra and Isabella
19:19:46|   Wife Parents: Wyatt and Stella
19:19:46|   Children: Charlotte, Andrew, Lucas, Julian
19:19:46| Family id: 5298338526
19:19:46|   Husband: Ethan, 26-1-1810
19:19:46|   Wife: Penelope, 9-4-1952
19:19:46|   Husband Parents: Mason and Mila
19:19:46|   Wife Parents: Benjamin and Penelope
19:19:46|   Children: Lucas, Mateo, Amelia, Amelia
19:19:46| Family id: 4875911815
19:19:46|   Husband: Hudson, 16-11-1783
19:19:46|   Wife: Sophia, 8-9-1840
19:19:46|   Husband Parents: Liam and Aubrey
19:19:46|   Wife Parents: Leo and Nora
19:19:46|   Children: Scarlett, Sophia, Jackson, Isaac, Sophia, Samuel
19:19:46| Family id: 4932885242
19:19:46|   Husband: Leo, 13-6-1839
19:19:46|   Wife: Victoria, 2-11-1866
19:19:46|   Husband Parents: Joshua and Lily
19:19:46|   Wife Parents: None
19:19:46|   Children: Asher, Gabriel, Emma, Luna, Everly
19:19:46| Family id: 4913883884
19:19:46|   Husband: Samuel, 27-2-1949
19:19:46|   Wife: Charlotte, 9-3-2008
19:19:46|   Husband Parents: Matthew and Ellie
19:19:46|   Wife Parents: Daniel and Nora
19:19:46|   Children: Jayden
19:19:46| Family id: 5362842166
19:19:46|   Husband: Benjamin, 29-8-1773
19:19:46|   Wife: Penelope, 25-4-1882
19:19:46|   Husband Parents: None
19:19:46|   Wife Parents: Levi and Aria
19:19:46|   Children: Lily, Isabella, Charlotte, Scarlett, Sofia, Isaac, Mia, Penelope
19:19:46| Family id: 5239022275
19:19:46|   Husband: Mason, 1-11-1795
19:19:46|   Wife: Mila, 24-7-1814
19:19:46|   Husband Parents: Aiden and Addison
19:19:46|   Wife Parents: Leo and Layla
19:19:46|   Children: Scarlett, Aurora, Luke, Ethan
19:19:46| Family id: 5031735997
19:19:46|   Husband: Ezra, 16-9-1851
19:19:46|   Wife: Isabella, 21-1-1843
19:19:46|   Husband Parents: Asher and Ella
19:19:46|   Wife Parents: John and Layla
19:19:46|   Children: Liam
19:19:46| Family id: 5088692880
19:19:46|   Husband: Wyatt, 8-5-1938
19:19:46|   Wife: Stella, 13-6-1941
19:19:46|   Husband Parents: James and Nora
19:19:46|   Wife Parents: Lucas and Sophia
19:19:46|   Children: Audrey, Sofia
19:19:46| Family id: 4997403305
19:19:46|   Husband: John, 15-4-1845
19:19:46|   Wife: Layla, 28-5-1782
19:19:46|   Husband Parents: Julian and Elizabeth
19:19:46|   Wife Parents: Henry and Everly
19:19:46|   Children: Lillian, Alexander, Jack, Josiah, Michael, Isabella
19:19:46| Family id: 4972427966
19:19:46|   Husband: Asher, 28-6-1795
19:19:46|   Wife: Ella, 5-1-1801
19:19:46|   Husband Parents: Thomas and Mia
19:19:46|   Wife Parents: John and Evelyn
19:19:46|   Children: Jacob, Riley, Violet, Ella, Violet, Alexander, Andrew, Ezra
19:19:46| Family id: 4922479313
19:19:46|   Husband: Matthew, 19-3-1862
19:19:46|   Wife: Ellie, 6-6-1782
19:19:46|   Husband Parents: None
19:19:46|   Wife Parents: David and Aubrey
19:19:46|   Children: William, Mateo, Eleanor, Ethan, Nora, Noah, Jackson, Leah, Samuel
19:19:46| Family id: 5273354967
19:19:46|   Husband: Daniel, 10-5-1795
19:19:46|   Wife: Nora, 24-4-1934
19:19:46|   Husband Parents: Jayden and Leah
19:19:46|   Wife Parents: Luke and Emma
19:19:46|   Children: Jackson, Harper, Mason, Liam, Ethan, Liam, Charlotte
19:19:46| Family id: 5246560964
19:19:46|   Husband: Aiden, 5-11-1989
19:19:46|   Wife: Addison, 17-1-1861
19:19:46|   Husband Parents: Anthony and Luna
19:19:46|   Wife Parents: Alexander and Avery
19:19:46|   Children: Luke, Mason
19:19:46| Family id: 5337858767
19:19:46|   Husband: Leo, 27-2-1776
19:19:46|   Wife: Layla, 30-11-1956
19:19:46|   Husband Parents: Levi and Ella
19:19:46|   Wife Parents: Henry and Lucy
19:19:46|   Children: Audrey, Andrew, Grayson, Ava, Mila
19:19:46| Family id: 4884761224
19:19:46|   Husband: Liam, 21-5-1891
19:19:46|   Wife: Aubrey, 5-11-1788
19:19:46|   Husband Parents: Jackson and Camila
19:19:46|   Wife Parents: William and Addison
19:19:46|   Children: Hudson
19:19:46| Family id: 4940415743
19:19:46|   Husband: Joshua, 13-4-1983
19:19:46|   Wife: Lily, 12-11-1779
19:19:46|   Husband Parents: Grayson and Evelyn
19:19:46|   Wife Parents: Michael and Layla
19:19:46|   Children: Owen, Amelia, Aurora, Mia, Everly, Leo
19:19:46| Family id: 5303525947
19:19:46|   Husband: Levi, 19-10-1910
19:19:46|   Wife: Aria, 30-4-1951
19:19:46|   Husband Parents: Aiden and Nora
19:19:46|   Wife Parents: Jack and Harper
19:19:46|   Children: Mateo, Abigail, Victoria, Mason, Isaac, Josiah, Oliver, Anthony, Penelope
19:19:46| Family id: 4841579251
19:19:46|   Husband: Leo, 19-2-1818
19:19:46|   Wife: Nora, 27-8-1933
19:19:46|   Husband Parents: Thomas and Lucy
19:19:46|   Wife Parents: Daniel and Penelope
19:19:46|   Children: Henry, Alexander, Hudson, Elizabeth, Abigail, Abigail, Grayson, Joshua, Sophia
19:19:46| Family id: 5096239765
19:19:46|   Husband: James, 22-11-1893
19:19:46|   Wife: Nora, 21-3-1820
19:19:46|   Husband Parents: Carter and Penelope
19:19:46|   Wife Parents: Leo and Stella
19:19:46|   Children: Stella, Chloe, Sophia, Henry, Jaxon, Aiden, Scarlett, Logan, Wyatt
19:19:46| Family id: 5053311644
19:19:46|   Husband: Lucas, 26-6-1929
19:19:46|   Wife: Sophia, 11-1-1819
19:19:46|   Husband Parents: Mateo and Victoria
19:19:46|   Wife Parents: None
19:19:46|   Children: Madison, Sofia, Ethan, Ethan, Lucas, Josiah, Stella
19:19:46| Family id: 5079843503
19:19:46|   Husband: Henry, 18-9-1759
19:19:46|   Wife: Everly, 26-10-1944
19:19:46|   Husband Parents: None
19:19:46|   Wife Parents: None
19:19:46|   Children: Theodore, Bella, Layla
19:19:46| Family id: 5072313002
19:19:46|   Husband: Julian, 28-7-1856
19:19:46|   Wife: Elizabeth, 1-9-1788
19:19:46|   Husband Parents: None
19:19:46|   Wife Parents: None
19:19:46|   Children: John
19:19:46| Family id: 4988807844
19:19:46|   Husband: John, 21-3-1805
19:19:46|   Wife: Evelyn, 11-4-1910
19:19:46|   Husband Parents: None
19:19:46|   Wife Parents: None
19:19:46|   Children: James, Ella
19:19:46| Family id: 4981007011
19:19:46|   Husband: Thomas, 4-1-1961
19:19:46|   Wife: Mia, 10-12-1776
19:19:46|   Husband Parents: None
19:19:46|   Wife Parents: None
19:19:46|   Children: Ethan, Camila, John, Chloe, Aiden, Emma, Owen, Asher
19:19:46| Family id: 4930018002
19:19:46|   Husband: David, 4-7-1929
19:19:46|   Wife: Aubrey, 19-4-1784
19:19:46|   Husband Parents: None
19:19:46|   Wife Parents: None
19:19:46|   Children: Asher, Audrey, Willow, Nora, Sofia, Penelope, Noah, Ellie
19:19:46| Family id: 5354254901
19:19:46|   Husband: Henry, 23-6-1898
19:19:46|   Wife: Lucy, 11-9-1996
19:19:46|   Husband Parents: None
19:19:46|   Wife Parents: None
19:19:46|   Children: Asher, Theodore, Levi, Abigail, Sofia, Hannah, Hudson, Benjamin, Layla
19:19:46| Family id: 5289751261
19:19:46|   Husband: Luke, 12-1-1981
19:19:46|   Wife: Emma, 26-4-1757
19:19:46|   Husband Parents: None
19:19:46|   Wife Parents: None
19:19:46|   Children: Harper, Nora
19:19:46| Family id: 5262957258
19:19:46|   Husband: Alexander, 3-9-1786
19:19:46|   Wife: Avery, 14-1-1848
19:19:46|   Husband Parents: None
19:19:46|   Wife Parents: None
19:19:46|   Children: Zoe, Addison
19:19:46| Family id: 5346445872
19:19:46|   Husband: Levi, 21-10-1821
19:19:46|   Wife: Ella, 29-12-1795
19:19:46|   Husband Parents: None
19:19:46|   Wife Parents: None
19:19:46|   Children: Leo
19:19:46| Family id: 5255418569
19:19:46|   Husband: Anthony, 5-2-1771
19:19:46|   Wife: Luna, 3-2-1777
19:19:46|   Husband Parents: None
19:19:46|   Wife Parents: None
19:19:46|   Children: Andrew, Andrew, Violet, Zoey, Joseph, Aiden
19:19:46| Family id: 5281942232
19:19:46|   Husband: Jayden, 1-6-1862
19:19:46|   Wife: Leah, 21-3-1978
19:19:46|   Husband Parents: None
19:19:46|   Wife Parents: None
19:19:46|   Children: Daniel
19:19:46| Family id: 4833000078
19:19:46|   Husband: William, 17-10-1812
19:19:46|   Wife: Addison, 8-11-1868
19:19:46|   Husband Parents: None
19:19:46|   Wife Parents: None
19:19:46|   Children: Joseph, Aubrey
19:19:46| Family id: 4892308109
19:19:46|   Husband: Jackson, 1-11-1851
19:19:46|   Wife: Camila, 10-6-1772
19:19:46|   Husband Parents: None
19:19:46|   Wife Parents: None
19:19:46|   Children: Jayden, Lucas, Joshua, Joshua, Liam
19:19:46| Family id: 4956812005
19:19:46|   Husband: Michael, 5-10-1802
19:19:46|   Wife: Layla, 10-6-1956
19:19:46|   Husband Parents: None
19:19:46|   Wife Parents: None
19:19:46|   Children: Emilia, Gabriel, Alexander, Lily
19:19:46| Family id: 4949265120
19:19:46|   Husband: Grayson, 15-12-1867
19:19:46|   Wife: Evelyn, 4-7-1921
19:19:46|   Husband Parents: None
19:19:46|   Wife Parents: None
19:19:46|   Children: Joshua
19:19:46| Family id: 4849380084
19:19:46|   Husband: Thomas, 15-1-1922
19:19:46|   Wife: Lucy, 14-10-1953
19:19:46|   Husband Parents: None
19:19:46|   Wife Parents: None
19:19:46|   Children: Mason, Leo, Leo, Mason, Leo
19:19:46| Family id: 4857975545
19:19:46|   Husband: Daniel, 24-11-1867
19:19:46|   Wife: Penelope, 1-5-1801
19:19:46|   Husband Parents: None
19:19:46|   Wife Parents: None
19:19:46|   Children: Isabella, John, Nora
19:19:46| Family id: 5319922209
19:19:46|   Husband: Jack, 3-7-1903
19:19:46|   Wife: Harper, 17-5-1782
19:19:46|   Husband Parents: None
19:19:46|   Wife Parents: None
19:19:46|   Children: Grace, Lillian, Penelope, John, Aubrey, Amelia, Noah, Everly, Aria
19:19:46| Family id: 5045510811
19:19:46|   Husband: Leo, 8-12-1811
19:19:46|   Wife: Stella, 31-10-1975
19:19:46|   Husband Parents: None
19:19:46|   Wife Parents: None
19:19:46|   Children: Mateo, Hannah, Abigail, Sofia, Madison, Nora
19:19:46| Family id: 5061907073
19:19:46|   Husband: Mateo, 11-6-1874
19:19:46|   Wife: Victoria, 31-10-1864
19:19:46|   Husband Parents: None
19:19:46|   Wife Parents: None
19:19:46|   Children: Emilia, Jackson, James, Emily, Lily, James, Lucas
19:19:46| Family id: 5311064636
19:19:46|   Husband: Aiden, 26-7-1759
19:19:46|   Wife: Nora, 1-8-1854
19:19:46|   Husband Parents: None
19:19:46|   Wife Parents: None
19:19:46|   Children: Olivia, Levi
19:19:46| Family id: 5036931734
19:19:46|   Husband: Carter, 15-12-1923
19:19:46|   Wife: Penelope, 30-11-1900
19:19:46|   Husband Parents: None
19:19:46|   Wife Parents: None
19:19:46|   Children: Aria, Emily, John, Ava, Stella, James
19:19:46| 
19:19:46| Number of people                    : 276
19:19:46| Number of families                  : 48
19:19:46| Max generations                     : 6
19:19:46| People connected to starting family : 276
19:19:46| 
19:19:46| total_time                          : 4.41958
19:19:46| Generations                         : 6
19:19:46| People % Families / second          : 73.31011
19:19:46| 
19:19:46| 

19:19:46| ############################################################
19:19:46| Breadth First Search: 6 generations
19:19:46| ############################################################
19:19:50| 3.53105720
19:19:50| 


19:19:50| ************* TREE DISPLAY *************
19:19:50| Family id: 5007809202
19:19:50|   Husband: Joseph, 24-2-1947
19:19:50|   Wife: Mila, 4-11-1878
19:19:50|   Husband Parents: Aiden and Sophia
19:19:50|   Wife Parents: Samuel and Madison
19:19:50|   Children: Joseph, Joshua, Abigail, Camila, Christopher
19:19:50| Family id: 5015339703
19:19:50|   Husband: Aiden, 22-4-1974
19:19:50|   Wife: Sophia, 9-1-2006
19:19:50|   Husband Parents: Michael and Willow
19:19:50|   Wife Parents: William and Natalie
19:19:50|   Children: Matthew, Aurora, Hazel, Owen, Grayson, Mateo, Sophia, Aubrey, Joseph
19:19:50| Family id: 4875911815
19:19:50|   Husband: Samuel, 1-5-1846
19:19:50|   Wife: Madison, 14-3-1784
19:19:50|   Husband Parents: Wyatt and Abigail
19:19:50|   Wife Parents: Gabriel and Harper
19:19:50|   Children: Hazel, Elizabeth, Mila
19:19:50| Family id: 5024189112
19:19:50|   Husband: Michael, 26-11-1989
19:19:50|   Wife: Willow, 14-3-1926
19:19:50|   Husband Parents: None
19:19:50|   Wife Parents: None
19:19:50|   Children: Ethan, Carter, Lucy, Christopher, Carter, Aiden
19:19:50| Family id: 5031735997
19:19:50|   Husband: William, 29-4-1806
19:19:50|   Wife: Natalie, 26-10-1891
19:19:50|   Husband Parents: Isaac and Zoey
19:19:50|   Wife Parents: Josiah and Hazel
19:19:50|   Children: Sophia
19:19:50| Family id: 4884761224
19:19:50|   Husband: Wyatt, 18-2-1932
19:19:50|   Wife: Abigail, 15-9-1754
19:19:50|   Husband Parents: Matthew and Riley
19:19:50|   Wife Parents: Jaxon and Natalie
19:19:50|   Children: Samuel
19:19:50| Family id: 4913883884
19:19:50|   Husband: Gabriel, 2-7-1969
19:19:50|   Wife: Harper, 21-1-1759
19:19:50|   Husband Parents: Mason and Emily
19:19:50|   Wife Parents: Owen and Lily
19:19:50|   Children: Isaac, Anthony, Dylan, Madison
19:19:50| Family id: 4972427966
19:19:50|   Husband: Isaac, 7-12-1924
19:19:50|   Wife: Zoey, 2-10-1853
19:19:50|   Husband Parents: Anthony and Violet
19:19:50|   Wife Parents: Liam and Willow
19:19:50|   Children: Amelia, Joseph, Gabriel, Aubrey, Liam, William
19:19:50| Family id: 5088692880
19:19:50|   Husband: Josiah, 24-12-1914
19:19:50|   Wife: Hazel, 5-12-1883
19:19:50|   Husband Parents: Owen and Hannah
19:19:50|   Wife Parents: Sebastian and Hazel
19:19:50|   Children: James, Hazel, Mia, Luke, Sebastian, Isabella, Natalie
19:19:50| Family id: 4892308109
19:19:50|   Husband: Matthew, 13-4-1852
19:19:50|   Wife: Riley, 18-8-1788
19:19:50|   Husband Parents: Asher and Willow
19:19:50|   Wife Parents: None
19:19:50|   Children: Christopher, Michael, Jackson, Wyatt
19:19:50| Family id: 4857975545
19:19:50|   Husband: Jaxon, 17-2-1995
19:19:50|   Wife: Natalie, 1-10-1983
19:19:50|   Husband Parents: Liam and Zoey
19:19:50|   Wife Parents: Owen and Aurora
19:19:50|   Children: Lucy, Abigail
19:19:50| Family id: 4922479313
19:19:50|   Husband: Mason, 7-4-1754
19:19:50|   Wife: Emily, 5-10-1902
19:19:50|   Husband Parents: Elijah and Violet
19:19:50|   Wife Parents: Samuel and Madison
19:19:50|   Children: William, Isaac, Chloe, Noah, Elizabeth, Lucy, Lily, Benjamin, Gabriel
19:19:50| Family id: 5246560964
19:19:50|   Husband: Owen, 4-11-1824
19:19:50|   Wife: Lily, 24-8-1883
19:19:50|   Husband Parents: David and Zoe
19:19:50|   Wife Parents: Joshua and Harper
19:19:50|   Children: Zoe, Luna, Ellie, Daniel, Avery, Harper
19:19:50| Family id: 4981007011
19:19:50|   Husband: Anthony, 26-10-1968
19:19:50|   Wife: Violet, 6-6-1764
19:19:50|   Husband Parents: Logan and Willow
19:19:50|   Wife Parents: William and Penelope
19:19:50|   Children: Victoria, Bella, Hudson, Leah, Lucas, Michael, Ella, Samuel, Isaac
19:19:50| Family id: 5072313002
19:19:50|   Husband: Liam, 3-7-1889
19:19:50|   Wife: Willow, 26-2-1907
19:19:50|   Husband Parents: Wyatt and Addison
19:19:50|   Wife Parents: None
19:19:50|   Children: Jack, Isabella, Zoey
19:19:50| Family id: 5096239765
19:19:50|   Husband: Owen, 30-5-1823
19:19:50|   Wife: Hannah, 9-7-1830
19:19:50|   Husband Parents: Josiah and Aurora
19:19:50|   Wife Parents: Gabriel and Lillian
19:19:50|   Children: Noah, Oliver, Ezra, Lincoln, Julian, Natalie, Charlotte, Josiah
19:19:50| Family id: 5053311644
19:19:50|   Husband: Sebastian, 15-6-1998
19:19:50|   Wife: Hazel, 11-11-1955
19:19:50|   Husband Parents: Thomas and Zoe
19:19:50|   Wife Parents: Oliver and Eleanor
19:19:50|   Children: Owen, Aurora, Hazel
19:19:50| Family id: 4833000078
19:19:50|   Husband: Asher, 26-9-1977
19:19:50|   Wife: Willow, 28-1-1908
19:19:50|   Husband Parents: Grayson and Everly
19:19:50|   Wife Parents: Daniel and Evelyn
19:19:50|   Children: Luna, Hazel, Matthew
19:19:50| Family id: 4932885242
19:19:50|   Husband: Liam, 20-11-1926
19:19:50|   Wife: Zoey, 20-6-1844
19:19:50|   Husband Parents: Mateo and Everly
19:19:50|   Wife Parents: Lincoln and Avery
19:19:50|   Children: Mia, Abigail, William, Zoe, Theodore, Eleanor, Levi, Jaxon
19:19:50| Family id: 4956812005
19:19:50|   Husband: Owen, 20-5-1949
19:19:50|   Wife: Aurora, 24-9-1789
19:19:50|   Husband Parents: Gabriel and Willow
19:19:50|   Wife Parents: Isaac and Lucy
19:19:50|   Children: Zoe, Sophia, Harper, Abigail, Abigail, Isaac, Natalie
19:19:50| Family id: 4930018002
19:19:50|   Husband: Elijah, 10-6-1913
19:19:50|   Wife: Violet, 18-1-1852
19:19:50|   Husband Parents: Henry and Lily
19:19:50|   Wife Parents: Sebastian and Charlotte
19:19:50|   Children: Mason
19:19:50| Family id: 5289751261
19:19:50|   Husband: Samuel, 25-12-1890
19:19:50|   Wife: Madison, 13-7-1783
19:19:50|   Husband Parents: John and Mila
19:19:50|   Wife Parents: Wyatt and Ava
19:19:50|   Children: Dylan, Josiah, Emily
19:19:50| Family id: 5255418569
19:19:50|   Husband: David, 19-11-1841
19:19:50|   Wife: Zoe, 13-4-1889
19:19:50|   Husband Parents: Theodore and Layla
19:19:50|   Wife Parents: David and Grace
19:19:50|   Children: Hannah, Owen
19:19:50| Family id: 5346445872
19:19:50|   Husband: Joshua, 25-10-1935
19:19:50|   Wife: Harper, 3-1-1872
19:19:50|   Husband Parents: Joseph and Harper
19:19:50|   Wife Parents: David and Hannah
19:19:50|   Children: Isaac, Christopher, Emilia, Addison, Julian, Joseph, Layla, Matthew, Lily
19:19:50| Family id: 4988807844
19:19:50|   Husband: Logan, 18-3-2012
19:19:50|   Wife: Willow, 14-9-1961
19:19:50|   Husband Parents: None
19:19:50|   Wife Parents: None
19:19:50|   Children: Matthew, Josiah, Elijah, Anthony
19:19:50| Family id: 4997403305
19:19:50|   Husband: William, 9-12-1841
19:19:50|   Wife: Penelope, 26-2-1872
19:19:50|   Husband Parents: None
19:19:50|   Wife Parents: None
19:19:50|   Children: Abigail, Riley, Sofia, Jack, Chloe, Violet
19:19:50| Family id: 5079843503
19:19:50|   Husband: Wyatt, 9-12-1944
19:19:50|   Wife: Addison, 29-4-1776
19:19:50|   Husband Parents: None
19:19:50|   Wife Parents: None
19:19:50|   Children: Addison, Liam
19:19:50| Family id: 5036931734
19:19:50|   Husband: Josiah, 2-10-2010
19:19:50|   Wife: Aurora, 8-8-1869
19:19:50|   Husband Parents: None
19:19:50|   Wife Parents: None
19:19:50|   Children: Sophia, Logan, Madison, Leo, Owen
19:19:50| Family id: 5045510811
19:19:50|   Husband: Gabriel, 17-4-1789
19:19:50|   Wife: Lillian, 18-2-1967
19:19:50|   Husband Parents: None
19:19:50|   Wife Parents: None
19:19:50|   Children: Lillian, Camila, Benjamin, Zoey, Emily, Grayson, Lillian, Hannah
19:19:50| Family id: 5061907073
19:19:50|   Husband: Thomas, 9-8-1875
19:19:50|   Wife: Zoe, 6-7-1774
19:19:50|   Husband Parents: None
19:19:50|   Wife Parents: None
19:19:50|   Children: Joseph, Mateo, Camila, Grace, Sebastian
19:19:50| Family id: 4868381314
19:19:50|   Husband: Oliver, 16-4-1894
19:19:50|   Wife: Eleanor, 21-5-2019
19:19:50|   Husband Parents: None
19:19:50|   Wife Parents: None
19:19:50|   Children: Jackson, Chloe, Ella, Ethan, Logan, Hazel
19:19:50| Family id: 4841579251
19:19:50|   Husband: Grayson, 14-6-1818
19:19:50|   Wife: Everly, 17-7-1870
19:19:50|   Husband Parents: None
19:19:50|   Wife Parents: None
19:19:50|   Children: Asher
19:19:50| Family id: 4849380084
19:19:50|   Husband: Daniel, 20-11-1759
19:19:50|   Wife: Evelyn, 20-3-1973
19:19:50|   Husband Parents: None
19:19:50|   Wife Parents: None
19:19:50|   Children: Eleanor, Anthony, Chloe, James, Anthony, Willow
19:19:50| Family id: 4940415743
19:19:50|   Husband: Mateo, 21-6-1827
19:19:50|   Wife: Everly, 31-7-1792
19:19:50|   Husband Parents: None
19:19:50|   Wife Parents: None
19:19:50|   Children: Penelope, Liam
19:19:50| Family id: 4949265120
19:19:50|   Husband: Lincoln, 1-10-1826
19:19:50|   Wife: Avery, 8-1-2007
19:19:50|   Husband Parents: None
19:19:50|   Wife Parents: None
19:19:50|   Children: Carter, Charlotte, Zoey
19:19:50| Family id: 4964612838
19:19:50|   Husband: Gabriel, 23-8-1812
19:19:50|   Wife: Willow, 18-9-1953
19:19:50|   Husband Parents: None
19:19:50|   Wife Parents: None
19:19:50|   Children: Jayden, Amelia, Hannah, Owen
19:19:50| Family id: 4906083051
19:19:50|   Husband: Isaac, 1-4-1771
19:19:50|   Wife: Lucy, 4-10-1826
19:19:50|   Husband Parents: None
19:19:50|   Wife Parents: None
19:19:50|   Children: Jack, Alexander, Matthew, Alexander, Evelyn, Theodore, Alexander, Luna, Aurora
19:19:50| Family id: 5273354967
19:19:50|   Husband: Henry, 12-1-2006
19:19:50|   Wife: Lily, 9-3-1843
19:19:50|   Husband Parents: None
19:19:50|   Wife Parents: None
19:19:50|   Children: Joshua, Owen, Asher, Elijah
19:19:50| Family id: 5281942232
19:19:50|   Husband: Sebastian, 9-10-1826
19:19:50|   Wife: Charlotte, 23-11-1813
19:19:50|   Husband Parents: None
19:19:50|   Wife Parents: None
19:19:50|   Children: Aubrey, Levi, Josiah, Violet
19:19:50| Family id: 5298338526
19:19:50|   Husband: John, 29-5-1969
19:19:50|   Wife: Mila, 28-10-1827
19:19:50|   Husband Parents: None
19:19:50|   Wife Parents: None
19:19:50|   Children: Olivia, Samuel
19:19:50| Family id: 5239022275
19:19:50|   Husband: Wyatt, 1-8-1923
19:19:50|   Wife: Ava, 10-10-1798
19:19:50|   Husband Parents: None
19:19:50|   Wife Parents: None
19:19:50|   Children: Elizabeth, Addison, Josiah, Grayson, Jack, Madison
19:19:50| Family id: 5262957258
19:19:50|   Husband: Theodore, 11-12-1755
19:19:50|   Wife: Layla, 4-3-1953
19:19:50|   Husband Parents: None
19:19:50|   Wife Parents: None
19:19:50|   Children: Joshua, Natalie, Mason, Charlotte, Grace, Wyatt, James, David
19:19:50| Family id: 5337858767
19:19:50|   Husband: David, 5-12-1802
19:19:50|   Wife: Grace, 22-2-1831
19:19:50|   Husband Parents: None
19:19:50|   Wife Parents: None
19:19:50|   Children: Isaac, Luna, Andrew, Everly, Zoe
19:19:50| Family id: 5354254901
19:19:50|   Husband: Joseph, 30-6-1795
19:19:50|   Wife: Harper, 11-6-1986
19:19:50|   Husband Parents: None
19:19:50|   Wife Parents: None
19:19:50|   Children: Aubrey, David, Jack, Aria, Mateo, Victoria, Elizabeth, Joshua
19:19:50| Family id: 5362842166
19:19:50|   Husband: David, 30-10-1757
19:19:50|   Wife: Hannah, 9-5-1792
19:19:50|   Husband Parents: None
19:19:50|   Wife Parents: None
19:19:50|   Children: Ella, Harper
19:19:50| 
19:19:50| Number of people                    : 265
19:19:50| Number of families                  : 45
19:19:50| Max generations                     : 6
19:19:50| People connected to starting family : 265
19:19:50| 
19:19:50| total_time                          : 3.53106
19:19:50| Generations                         : 6
19:19:50| People % Families / second          : 87.79240
19:19:50| 
19:19:50| 

19:19:50| ############################################################
19:19:50| Breadth First Search limit 5: 6 generations
19:19:50| ############################################################
19:19:50| 0.00013290
19:19:51| 


19:19:51| ************* TREE DISPLAY *************
19:19:51| 
19:19:51| Number of people                    : 0
19:19:51| Number of families                  : 0
19:19:51| Max generations                     : 0
19:19:51| People connected to starting family : 0
19:19:51| 
19:19:51| total_time                          : 0.00013
19:19:51| Generations                         : 6
19:19:51| People % Families / second          : 0.00000
19:19:51| 
